TN:
SF:/home/admin1/Desktop/FundooApp/Backend/server.js
FN:45,(anonymous_0)
FN:47,(anonymous_1)
FN:53,(anonymous_2)
FN:59,(anonymous_3)
FNF:4
FNH:2
FNDA:1,(anonymous_0)
FNDA:0,(anonymous_1)
FNDA:0,(anonymous_2)
FNDA:1,(anonymous_3)
DA:12,1
DA:13,1
DA:15,1
DA:16,1
DA:17,1
DA:18,1
DA:19,1
DA:22,1
DA:27,1
DA:30,1
DA:31,1
DA:34,1
DA:36,1
DA:37,1
DA:39,1
DA:43,1
DA:46,1
DA:48,0
DA:49,0
DA:53,1
DA:59,1
DA:60,1
DA:63,1
LF:23
LH:21
BRF:0
BRH:0
end_of_record
TN:
SF:/home/admin1/Desktop/FundooApp/Backend/auth/auth.js
FN:17,(anonymous_0)
FN:27,(anonymous_1)
FN:38,(anonymous_2)
FN:49,(anonymous_3)
FN:58,(anonymous_4)
FN:95,(anonymous_5)
FN:99,(anonymous_6)
FN:109,(anonymous_7)
FN:120,(anonymous_8)
FN:133,(anonymous_9)
FN:166,(anonymous_10)
FNF:11
FNH:10
FNDA:3,(anonymous_0)
FNDA:9,(anonymous_1)
FNDA:8,(anonymous_2)
FNDA:7,(anonymous_3)
FNDA:7,(anonymous_4)
FNDA:2,(anonymous_5)
FNDA:2,(anonymous_6)
FNDA:1,(anonymous_7)
FNDA:1,(anonymous_8)
FNDA:1,(anonymous_9)
FNDA:0,(anonymous_10)
DA:8,1
DA:9,1
DA:10,1
DA:11,1
DA:17,1
DA:19,3
DA:20,3
DA:27,1
DA:29,9
DA:31,1
DA:35,8
DA:36,8
DA:37,8
DA:38,8
DA:40,8
DA:43,1
DA:44,1
DA:45,1
DA:49,7
DA:51,7
DA:53,0
DA:54,0
DA:58,7
DA:60,7
DA:62,0
DA:63,0
DA:67,7
DA:70,7
DA:72,6
DA:73,6
DA:74,6
DA:75,6
DA:79,1
DA:80,1
DA:95,1
DA:97,2
DA:98,2
DA:101,2
DA:103,1
DA:104,1
DA:108,1
DA:109,1
DA:111,1
DA:114,0
DA:115,0
DA:116,0
DA:120,1
DA:122,1
DA:125,0
DA:129,0
DA:133,1
DA:135,1
DA:138,0
DA:142,1
DA:145,1
DA:147,1
DA:148,1
DA:149,1
DA:150,1
DA:154,0
DA:155,0
DA:168,0
DA:172,1
LF:63
LH:50
BRDA:29,0,0,1
BRDA:29,0,1,8
BRDA:40,1,0,1
BRDA:40,1,1,7
BRDA:51,2,0,0
BRDA:51,2,1,7
BRDA:60,3,0,0
BRDA:60,3,1,7
BRDA:70,4,0,6
BRDA:70,4,1,1
BRDA:101,5,0,1
BRDA:101,5,1,1
BRDA:111,6,0,0
BRDA:111,6,1,1
BRDA:122,7,0,0
BRDA:122,7,1,1
BRDA:135,8,0,0
BRDA:135,8,1,1
BRDA:145,9,0,1
BRDA:145,9,1,0
BRF:20
BRH:14
end_of_record
TN:
SF:/home/admin1/Desktop/FundooApp/Backend/config/config.js
FNF:0
FNH:0
DA:8,1
DA:9,1
LF:2
LH:2
BRF:0
BRH:0
end_of_record
TN:
SF:/home/admin1/Desktop/FundooApp/Backend/controllers/noteController.js
FN:23,(anonymous_0)
FN:46,(anonymous_1)
FN:71,(anonymous_2)
FN:85,(anonymous_3)
FN:116,(anonymous_4)
FN:130,(anonymous_5)
FNF:6
FNH:6
FNDA:5,(anonymous_0)
FNDA:3,(anonymous_1)
FNDA:5,(anonymous_2)
FNDA:4,(anonymous_3)
FNDA:2,(anonymous_4)
FNDA:2,(anonymous_5)
DA:12,1
DA:13,1
DA:14,1
DA:15,1
DA:25,5
DA:31,5
DA:32,5
DA:33,5
DA:34,5
DA:35,5
DA:36,5
DA:37,5
DA:39,2
DA:46,3
DA:48,3
DA:50,2
DA:54,1
DA:60,0
DA:61,0
DA:62,0
DA:63,0
DA:73,5
DA:79,5
DA:85,4
DA:87,4
DA:89,1
DA:93,3
DA:99,1
DA:104,0
DA:105,0
DA:106,0
DA:107,0
DA:118,2
DA:124,2
DA:130,2
DA:132,2
DA:134,1
DA:138,1
DA:144,0
DA:149,0
DA:150,0
DA:151,0
DA:152,0
DA:159,1
LF:44
LH:31
BRDA:37,0,0,2
BRDA:37,0,1,3
BRDA:48,1,0,2
BRDA:48,1,1,1
BRDA:79,2,0,4
BRDA:79,2,1,1
BRDA:79,3,0,5
BRDA:79,3,1,4
BRDA:79,3,2,3
BRDA:87,4,0,1
BRDA:87,4,1,3
BRDA:124,5,0,2
BRDA:124,5,1,0
BRDA:124,6,0,2
BRDA:124,6,1,0
BRDA:124,6,2,0
BRDA:124,6,3,0
BRDA:132,7,0,1
BRDA:132,7,1,1
BRF:19
BRH:15
end_of_record
TN:
SF:/home/admin1/Desktop/FundooApp/Backend/controllers/userController.js
FN:27,(anonymous_0)
FN:51,(anonymous_1)
FN:64,(anonymous_2)
FN:82,(anonymous_3)
FN:100,(anonymous_4)
FN:120,(anonymous_5)
FN:136,(anonymous_6)
FN:172,(anonymous_7)
FN:187,(anonymous_8)
FN:201,(anonymous_9)
FN:213,(anonymous_10)
FN:226,(anonymous_11)
FN:244,(anonymous_12)
FN:265,(anonymous_13)
FN:269,(anonymous_14)
FN:288,(anonymous_15)
FN:292,(anonymous_16)
FN:314,(anonymous_17)
FN:328,(anonymous_18)
FNF:19
FNH:18
FNDA:7,(anonymous_0)
FNDA:1,(anonymous_1)
FNDA:1,(anonymous_2)
FNDA:1,(anonymous_3)
FNDA:6,(anonymous_4)
FNDA:3,(anonymous_5)
FNDA:1,(anonymous_6)
FNDA:3,(anonymous_7)
FNDA:1,(anonymous_8)
FNDA:1,(anonymous_9)
FNDA:1,(anonymous_10)
FNDA:0,(anonymous_11)
FNDA:4,(anonymous_12)
FNDA:1,(anonymous_13)
FNDA:1,(anonymous_14)
FNDA:1,(anonymous_15)
FNDA:1,(anonymous_16)
FNDA:2,(anonymous_17)
FNDA:1,(anonymous_18)
DA:12,1
DA:13,1
DA:14,1
DA:15,1
DA:16,1
DA:17,1
DA:18,1
DA:29,7
DA:35,7
DA:36,7
DA:37,7
DA:38,7
DA:39,7
DA:40,7
DA:42,5
DA:50,2
DA:54,1
DA:64,1
DA:67,1
DA:69,0
DA:77,1
DA:78,1
DA:84,1
DA:89,0
DA:90,0
DA:91,0
DA:92,0
DA:102,6
DA:108,6
DA:109,6
DA:110,6
DA:111,6
DA:113,3
DA:120,3
DA:122,3
DA:124,2
DA:128,1
DA:129,1
DA:134,1
DA:136,1
DA:138,1
DA:140,0
DA:144,1
DA:148,1
DA:155,1
DA:161,0
DA:162,0
DA:163,0
DA:164,0
DA:174,3
DA:180,3
DA:181,3
DA:183,3
DA:184,2
DA:186,1
DA:193,1
DA:194,1
DA:195,1
DA:201,1
DA:203,1
DA:205,0
DA:209,1
DA:213,1
DA:216,1
DA:217,0
DA:220,1
DA:221,1
DA:222,1
DA:228,0
DA:233,0
DA:234,0
DA:235,0
DA:236,0
DA:246,4
DA:252,4
DA:253,4
DA:255,4
DA:257,2
DA:260,2
DA:264,2
DA:267,1
DA:272,1
DA:277,0
DA:278,0
DA:279,0
DA:280,0
DA:290,1
DA:292,1
DA:294,1
DA:295,0
DA:297,1
DA:302,0
DA:303,0
DA:304,0
DA:305,0
DA:316,2
DA:322,2
DA:324,1
DA:328,1
DA:330,1
DA:332,0
DA:333,0
DA:337,1
DA:344,0
DA:349,1
LF:105
LH:76
BRDA:40,0,0,5
BRDA:40,0,1,2
BRDA:67,1,0,0
BRDA:67,1,1,1
BRDA:111,2,0,3
BRDA:111,2,1,3
BRDA:122,3,0,2
BRDA:122,3,1,1
BRDA:138,4,0,0
BRDA:138,4,1,1
BRDA:183,5,0,2
BRDA:183,5,1,1
BRDA:203,6,0,0
BRDA:203,6,1,1
BRDA:216,7,0,0
BRDA:216,7,1,1
BRDA:255,8,0,2
BRDA:255,8,1,2
BRDA:294,9,0,0
BRDA:294,9,1,1
BRDA:322,10,0,1
BRDA:322,10,1,1
BRDA:322,11,0,2
BRDA:322,11,1,1
BRDA:330,12,0,0
BRDA:330,12,1,1
BRF:26
BRH:20
end_of_record
TN:
SF:/home/admin1/Desktop/FundooApp/Backend/models/noteModel.js
FN:66,(anonymous_0)
FN:68,(anonymous_1)
FN:71,(anonymous_2)
FN:76,(anonymous_3)
FN:84,(anonymous_4)
FN:86,(anonymous_5)
FN:106,(anonymous_6)
FN:111,(anonymous_7)
FN:116,(anonymous_8)
FN:123,(anonymous_9)
FN:134,(anonymous_10)
FNF:11
FNH:8
FNDA:3,(anonymous_0)
FNDA:3,(anonymous_1)
FNDA:2,(anonymous_2)
FNDA:1,(anonymous_3)
FNDA:6,(anonymous_4)
FNDA:6,(anonymous_5)
FNDA:0,(anonymous_6)
FNDA:0,(anonymous_7)
FNDA:0,(anonymous_8)
FNDA:1,(anonymous_9)
FNDA:1,(anonymous_10)
DA:12,1
DA:13,1
DA:19,1
DA:54,1
DA:68,3
DA:70,3
DA:74,2
DA:78,1
DA:79,1
DA:86,6
DA:88,6
DA:90,0
DA:94,6
DA:96,4
DA:100,2
DA:110,0
DA:114,0
DA:118,0
DA:125,1
DA:134,1
DA:136,1
DA:138,0
DA:142,1
DA:147,1
DA:154,1
LF:25
LH:20
BRDA:88,0,0,0
BRDA:88,0,1,6
BRDA:94,1,0,4
BRDA:94,1,1,2
BRDA:136,2,0,0
BRDA:136,2,1,1
BRF:6
BRH:4
end_of_record
TN:
SF:/home/admin1/Desktop/FundooApp/Backend/models/userModel.js
FN:90,(anonymous_0)
FN:92,(anonymous_1)
FN:95,(anonymous_2)
FN:100,(anonymous_3)
FN:108,(anonymous_4)
FN:113,(anonymous_5)
FN:118,(anonymous_6)
FN:125,(anonymous_7)
FN:133,(anonymous_8)
FN:149,(anonymous_9)
FN:162,(anonymous_10)
FN:164,(anonymous_11)
FN:167,(anonymous_12)
FN:172,(anonymous_13)
FNF:14
FNH:11
FNDA:11,(anonymous_0)
FNDA:11,(anonymous_1)
FNDA:11,(anonymous_2)
FNDA:0,(anonymous_3)
FNDA:4,(anonymous_4)
FNDA:4,(anonymous_5)
FNDA:0,(anonymous_6)
FNDA:1,(anonymous_7)
FNDA:1,(anonymous_8)
FNDA:1,(anonymous_9)
FNDA:1,(anonymous_10)
FNDA:1,(anonymous_11)
FNDA:1,(anonymous_12)
FNDA:0,(anonymous_13)
DA:12,1
DA:13,1
DA:19,1
DA:76,1
DA:92,11
DA:94,11
DA:98,11
DA:102,0
DA:103,0
DA:112,4
DA:116,4
DA:120,0
DA:127,1
DA:133,1
DA:135,1
DA:136,0
DA:139,1
DA:143,1
DA:152,1
DA:158,1
DA:164,1
DA:166,1
DA:170,1
DA:174,0
DA:181,1
LF:25
LH:20
BRDA:135,0,0,0
BRDA:135,0,1,1
BRF:2
BRH:1
end_of_record
TN:
SF:/home/admin1/Desktop/FundooApp/Backend/routes/routes.js
FNF:0
FNH:0
DA:12,1
DA:13,1
DA:14,1
DA:15,1
DA:16,1
DA:17,1
DA:23,1
DA:24,1
DA:25,1
DA:26,1
DA:27,1
DA:28,1
DA:29,1
DA:30,1
DA:31,1
DA:34,1
LF:16
LH:16
BRF:0
BRH:0
end_of_record
TN:
SF:/home/admin1/Desktop/FundooApp/Backend/services/cacheService.js
FN:21,(anonymous_0)
FN:25,(anonymous_1)
FN:36,(anonymous_2)
FN:38,(anonymous_3)
FN:51,(anonymous_4)
FN:53,(anonymous_5)
FN:66,(anonymous_6)
FN:68,(anonymous_7)
FN:81,(anonymous_8)
FN:83,(anonymous_9)
FNF:10
FNH:7
FNDA:1,(anonymous_0)
FNDA:0,(anonymous_1)
FNDA:3,(anonymous_2)
FNDA:3,(anonymous_3)
FNDA:8,(anonymous_4)
FNDA:8,(anonymous_5)
FNDA:0,(anonymous_6)
FNDA:0,(anonymous_7)
FNDA:8,(anonymous_8)
FNDA:8,(anonymous_9)
DA:12,1
DA:13,1
DA:14,1
DA:21,1
DA:23,1
DA:25,1
DA:27,0
DA:38,3
DA:40,3
DA:41,0
DA:43,3
DA:53,8
DA:55,8
DA:56,0
DA:58,8
DA:68,0
DA:70,0
DA:71,0
DA:73,0
DA:83,8
DA:85,8
DA:86,0
DA:88,8
DA:93,1
LF:24
LH:16
BRDA:40,0,0,0
BRDA:40,0,1,3
BRDA:55,1,0,0
BRDA:55,1,1,8
BRDA:70,2,0,0
BRDA:70,2,1,0
BRDA:85,3,0,0
BRDA:85,3,1,8
BRF:8
BRH:3
end_of_record
TN:
SF:/home/admin1/Desktop/FundooApp/Backend/services/logService.js
FNF:0
FNH:0
DA:12,1
DA:14,1
DA:23,1
DA:25,1
LF:4
LH:4
BRF:0
BRH:0
end_of_record
TN:
SF:/home/admin1/Desktop/FundooApp/Backend/services/mailService.js
FN:20,(anonymous_0)
FN:50,(anonymous_1)
FN:58,(anonymous_2)
FN:75,(anonymous_3)
FNF:4
FNH:4
FNDA:1,(anonymous_0)
FNDA:1,(anonymous_1)
FNDA:1,(anonymous_2)
FNDA:1,(anonymous_3)
DA:12,1
DA:13,1
DA:14,1
DA:20,1
DA:27,1
DA:39,1
DA:50,1
DA:51,1
DA:52,0
DA:54,1
DA:58,1
DA:60,1
DA:68,1
DA:75,1
DA:76,1
DA:77,0
DA:79,1
DA:83,1
LF:18
LH:16
BRDA:51,0,0,0
BRDA:51,0,1,1
BRDA:76,1,0,0
BRDA:76,1,1,1
BRF:4
BRH:2
end_of_record
TN:
SF:/home/admin1/Desktop/FundooApp/Backend/services/noteService.js
FN:21,(anonymous_0)
FN:24,(anonymous_1)
FN:37,(anonymous_2)
FN:50,(anonymous_3)
FN:61,(anonymous_4)
FN:63,(anonymous_5)
FN:76,(anonymous_6)
FN:78,(anonymous_7)
FNF:8
FNH:8
FNDA:3,(anonymous_0)
FNDA:2,(anonymous_1)
FNDA:1,(anonymous_2)
FNDA:1,(anonymous_3)
FNDA:4,(anonymous_4)
FNDA:4,(anonymous_5)
FNDA:2,(anonymous_6)
FNDA:2,(anonymous_7)
DA:12,1
DA:13,1
DA:23,3
DA:31,2
DA:33,1
DA:37,1
DA:39,1
DA:41,0
DA:45,1
DA:52,1
DA:53,1
DA:63,4
DA:65,4
DA:66,1
DA:68,3
DA:78,2
DA:80,2
DA:82,1
DA:86,1
DA:92,1
LF:20
LH:19
BRDA:31,0,0,1
BRDA:31,0,1,1
BRDA:39,1,0,0
BRDA:39,1,1,1
BRDA:65,2,0,1
BRDA:65,2,1,3
BRDA:80,3,0,1
BRDA:80,3,1,1
BRF:8
BRH:7
end_of_record
TN:
SF:/home/admin1/Desktop/FundooApp/Backend/services/s3Service.js
FN:31,(anonymous_0)
FN:45,(anonymous_1)
FN:48,(anonymous_2)
FNF:3
FNH:3
FNDA:2,(anonymous_0)
FNDA:1,(anonymous_1)
FNDA:1,(anonymous_2)
DA:12,1
DA:13,1
DA:14,1
DA:15,1
DA:21,1
DA:31,1
DA:32,2
DA:34,1
DA:38,1
DA:42,1
DA:46,1
DA:50,1
DA:54,1
DA:62,1
LF:14
LH:14
BRDA:32,0,0,1
BRDA:32,0,1,1
BRDA:32,1,0,2
BRDA:32,1,1,1
BRF:4
BRH:4
end_of_record
TN:
SF:/home/admin1/Desktop/FundooApp/Backend/services/urlService.js
FN:25,(anonymous_0)
FN:34,(anonymous_1)
FN:40,(anonymous_2)
FN:53,(anonymous_3)
FN:69,(anonymous_4)
FN:96,(anonymous_5)
FN:99,(anonymous_6)
FNF:7
FNH:6
FNDA:1,(anonymous_0)
FNDA:1,(anonymous_1)
FNDA:1,(anonymous_2)
FNDA:1,(anonymous_3)
FNDA:0,(anonymous_4)
FNDA:1,(anonymous_5)
FNDA:1,(anonymous_6)
DA:12,1
DA:13,1
DA:14,1
DA:15,1
DA:16,1
DA:17,1
DA:27,1
DA:28,1
DA:29,1
DA:31,1
DA:33,1
DA:37,1
DA:39,1
DA:40,1
DA:42,1
DA:44,0
DA:48,1
DA:51,1
DA:52,1
DA:53,1
DA:55,1
DA:56,0
DA:59,1
DA:65,1
DA:71,0
DA:77,0
DA:82,0
DA:83,0
DA:88,0
DA:99,1
DA:101,1
DA:103,0
DA:107,1
DA:108,1
DA:114,1
LF:35
LH:27
BRDA:29,0,0,1
BRDA:29,0,1,0
BRDA:42,1,0,0
BRDA:42,1,1,1
BRDA:55,2,0,0
BRDA:55,2,1,1
BRDA:101,3,0,0
BRDA:101,3,1,1
BRF:8
BRH:4
end_of_record
TN:
SF:/home/admin1/Desktop/FundooApp/Backend/services/userService.js
FN:22,(anonymous_0)
FN:24,(anonymous_1)
FN:27,(anonymous_2)
FN:45,(anonymous_3)
FN:53,(anonymous_4)
FN:61,(anonymous_5)
FN:67,(anonymous_6)
FN:79,(anonymous_7)
FN:82,(anonymous_8)
FN:97,(anonymous_9)
FN:105,(anonymous_10)
FN:126,(anonymous_11)
FN:138,(anonymous_12)
FN:140,(anonymous_13)
FN:143,(anonymous_14)
FN:166,(anonymous_15)
FN:178,(anonymous_16)
FN:180,(anonymous_17)
FN:183,(anonymous_18)
FN:190,(anonymous_19)
FN:203,(anonymous_20)
FN:210,(anonymous_21)
FN:214,(anonymous_22)
FN:219,(anonymous_23)
FN:227,(anonymous_24)
FNF:25
FNH:19
FNDA:2,(anonymous_0)
FNDA:2,(anonymous_1)
FNDA:2,(anonymous_2)
FNDA:1,(anonymous_3)
FNDA:1,(anonymous_4)
FNDA:0,(anonymous_5)
FNDA:0,(anonymous_6)
FNDA:3,(anonymous_7)
FNDA:3,(anonymous_8)
FNDA:2,(anonymous_9)
FNDA:1,(anonymous_10)
FNDA:1,(anonymous_11)
FNDA:1,(anonymous_12)
FNDA:1,(anonymous_13)
FNDA:1,(anonymous_14)
FNDA:0,(anonymous_15)
FNDA:2,(anonymous_16)
FNDA:2,(anonymous_17)
FNDA:2,(anonymous_18)
FNDA:2,(anonymous_19)
FNDA:1,(anonymous_20)
FNDA:1,(anonymous_21)
FNDA:0,(anonymous_22)
FNDA:0,(anonymous_23)
FNDA:0,(anonymous_24)
DA:12,1
DA:13,1
DA:14,1
DA:24,2
DA:26,2
DA:35,2
DA:36,1
DA:43,1
DA:44,1
DA:47,1
DA:53,1
DA:55,1
DA:56,0
DA:58,1
DA:63,0
DA:69,0
DA:70,0
DA:81,3
DA:91,3
DA:97,2
DA:99,2
DA:101,0
DA:103,2
DA:105,1
DA:107,1
DA:108,0
DA:110,1
DA:115,1
DA:116,1
DA:122,0
DA:128,1
DA:129,1
DA:140,1
DA:142,1
DA:149,1
DA:151,1
DA:158,1
DA:162,0
DA:168,0
DA:180,2
DA:182,2
DA:190,2
DA:192,2
DA:194,1
DA:202,1
DA:203,1
DA:205,1
DA:209,1
DA:212,1
DA:216,0
DA:221,0
DA:229,0
DA:235,1
LF:53
LH:41
BRDA:35,0,0,1
BRDA:35,0,1,1
BRDA:55,1,0,0
BRDA:55,1,1,1
BRDA:91,2,0,2
BRDA:91,2,1,0
BRDA:99,3,0,0
BRDA:99,3,1,2
BRDA:103,4,0,1
BRDA:103,4,1,1
BRDA:107,5,0,0
BRDA:107,5,1,1
BRDA:149,6,0,1
BRDA:149,6,1,0
BRDA:192,7,0,1
BRDA:192,7,1,1
BRF:16
BRH:11
end_of_record
TN:
SF:/home/admin1/Desktop/FundooApp/Backend/services/utilService.js
FN:18,(anonymous_0)
FN:20,(anonymous_1)
FN:23,(anonymous_2)
FN:27,(anonymous_3)
FN:33,(anonymous_4)
FN:35,(anonymous_5)
FNF:6
FNH:5
FNDA:2,(anonymous_0)
FNDA:2,(anonymous_1)
FNDA:2,(anonymous_2)
FNDA:0,(anonymous_3)
FNDA:4,(anonymous_4)
FNDA:4,(anonymous_5)
DA:12,1
DA:18,1
DA:20,2
DA:22,2
DA:25,2
DA:29,0
DA:33,1
DA:35,4
DA:37,4
DA:38,0
DA:40,4
DA:44,1
LF:12
LH:10
BRDA:37,0,0,0
BRDA:37,0,1,4
BRF:2
BRH:1
end_of_record
