TN:
SF:/home/admin1/Desktop/FundooApp/Backend/server.js
FN:45,(anonymous_0)
FN:47,(anonymous_1)
FN:53,(anonymous_2)
FN:59,(anonymous_3)
FNF:4
FNH:2
FNDA:1,(anonymous_0)
FNDA:0,(anonymous_1)
FNDA:0,(anonymous_2)
FNDA:1,(anonymous_3)
DA:12,1
DA:13,1
DA:15,1
DA:16,1
DA:17,1
DA:18,1
DA:19,1
DA:22,1
DA:27,1
DA:30,1
DA:31,1
DA:34,1
DA:36,1
DA:37,1
DA:39,1
DA:43,1
DA:46,1
DA:48,0
DA:49,0
DA:53,1
DA:54,0
DA:59,1
DA:60,1
DA:63,1
LF:24
LH:21
BRF:0
BRH:0
end_of_record
TN:
SF:/home/admin1/Desktop/FundooApp/Backend/auth/auth.js
FN:17,(anonymous_0)
FN:27,(anonymous_1)
FN:38,(anonymous_2)
FN:49,(anonymous_3)
FN:58,(anonymous_4)
FN:90,(anonymous_5)
FN:94,(anonymous_6)
FN:104,(anonymous_7)
FN:115,(anonymous_8)
FN:128,(anonymous_9)
FN:156,(anonymous_10)
FNF:11
FNH:5
FNDA:3,(anonymous_0)
FNDA:4,(anonymous_1)
FNDA:3,(anonymous_2)
FNDA:3,(anonymous_3)
FNDA:3,(anonymous_4)
FNDA:0,(anonymous_5)
FNDA:0,(anonymous_6)
FNDA:0,(anonymous_7)
FNDA:0,(anonymous_8)
FNDA:0,(anonymous_9)
FNDA:0,(anonymous_10)
DA:8,1
DA:9,1
DA:10,1
DA:11,1
DA:17,1
DA:19,3
DA:20,3
DA:27,1
DA:29,4
DA:31,1
DA:35,3
DA:36,3
DA:37,3
DA:38,3
DA:40,3
DA:42,0
DA:43,0
DA:44,0
DA:45,0
DA:49,3
DA:51,3
DA:53,0
DA:54,0
DA:58,3
DA:60,3
DA:62,0
DA:63,0
DA:67,3
DA:70,3
DA:72,0
DA:73,0
DA:74,0
DA:75,0
DA:90,1
DA:92,0
DA:93,0
DA:96,0
DA:98,0
DA:99,0
DA:103,0
DA:104,0
DA:106,0
DA:108,0
DA:109,0
DA:110,0
DA:111,0
DA:115,0
DA:117,0
DA:119,0
DA:120,0
DA:124,0
DA:128,0
DA:130,0
DA:132,0
DA:133,0
DA:137,0
DA:140,0
DA:142,0
DA:143,0
DA:144,0
DA:145,0
DA:158,0
DA:162,1
LF:63
LH:23
BRDA:29,0,0,1
BRDA:29,0,1,3
BRDA:40,1,0,0
BRDA:40,1,1,3
BRDA:51,2,0,0
BRDA:51,2,1,3
BRDA:60,3,0,0
BRDA:60,3,1,3
BRDA:70,4,0,0
BRDA:70,4,1,3
BRDA:96,5,0,0
BRDA:96,5,1,0
BRDA:106,6,0,0
BRDA:106,6,1,0
BRDA:117,7,0,0
BRDA:117,7,1,0
BRDA:130,8,0,0
BRDA:130,8,1,0
BRDA:140,9,0,0
BRDA:140,9,1,0
BRF:20
BRH:6
end_of_record
TN:
SF:/home/admin1/Desktop/FundooApp/Backend/config/config.js
FNF:0
FNH:0
DA:8,1
DA:9,1
LF:2
LH:2
BRF:0
BRH:0
end_of_record
TN:
SF:/home/admin1/Desktop/FundooApp/Backend/controllers/noteController.js
FN:9,(anonymous_0)
FN:23,(anonymous_1)
FN:44,(anonymous_2)
FN:50,(anonymous_3)
FN:77,(anonymous_4)
FN:83,(anonymous_5)
FNF:6
FNH:6
FNDA:5,(anonymous_0)
FNDA:3,(anonymous_1)
FNDA:5,(anonymous_2)
FNDA:4,(anonymous_3)
FNDA:2,(anonymous_4)
FNDA:2,(anonymous_5)
DA:1,1
DA:2,1
DA:3,1
DA:4,1
DA:11,5
DA:13,5
DA:14,5
DA:15,5
DA:16,5
DA:17,5
DA:18,5
DA:19,5
DA:21,2
DA:23,3
DA:25,3
DA:27,2
DA:31,1
DA:37,0
DA:38,0
DA:39,0
DA:40,0
DA:46,5
DA:48,5
DA:50,4
DA:52,4
DA:54,1
DA:58,3
DA:64,1
DA:69,0
DA:70,0
DA:71,0
DA:72,0
DA:79,2
DA:81,2
DA:83,2
DA:85,2
DA:87,1
DA:91,1
DA:97,0
DA:102,0
DA:103,0
DA:104,0
DA:105,0
DA:112,1
LF:44
LH:31
BRDA:19,0,0,2
BRDA:19,0,1,3
BRDA:25,1,0,2
BRDA:25,1,1,1
BRDA:48,2,0,4
BRDA:48,2,1,1
BRDA:48,3,0,5
BRDA:48,3,1,4
BRDA:48,3,2,3
BRDA:52,4,0,1
BRDA:52,4,1,3
BRDA:81,5,0,2
BRDA:81,5,1,0
BRDA:81,6,0,2
BRDA:81,6,1,0
BRDA:81,6,2,0
BRDA:81,6,3,0
BRDA:85,7,0,1
BRDA:85,7,1,1
BRF:19
BRH:15
end_of_record
TN:
SF:/home/admin1/Desktop/FundooApp/Backend/controllers/userController.js
FN:27,(anonymous_0)
FN:51,(anonymous_1)
FN:64,(anonymous_2)
FN:82,(anonymous_3)
FN:100,(anonymous_4)
FN:120,(anonymous_5)
FN:136,(anonymous_6)
FN:172,(anonymous_7)
FN:187,(anonymous_8)
FN:201,(anonymous_9)
FN:213,(anonymous_10)
FN:226,(anonymous_11)
FN:244,(anonymous_12)
FN:265,(anonymous_13)
FN:269,(anonymous_14)
FN:290,(anonymous_15)
FN:294,(anonymous_16)
FN:316,(anonymous_17)
FN:330,(anonymous_18)
FNF:19
FNH:11
FNDA:7,(anonymous_0)
FNDA:1,(anonymous_1)
FNDA:1,(anonymous_2)
FNDA:1,(anonymous_3)
FNDA:6,(anonymous_4)
FNDA:3,(anonymous_5)
FNDA:1,(anonymous_6)
FNDA:3,(anonymous_7)
FNDA:1,(anonymous_8)
FNDA:1,(anonymous_9)
FNDA:1,(anonymous_10)
FNDA:0,(anonymous_11)
FNDA:0,(anonymous_12)
FNDA:0,(anonymous_13)
FNDA:0,(anonymous_14)
FNDA:0,(anonymous_15)
FNDA:0,(anonymous_16)
FNDA:0,(anonymous_17)
FNDA:0,(anonymous_18)
DA:12,1
DA:13,1
DA:14,1
DA:15,1
DA:16,1
DA:17,1
DA:18,1
DA:29,7
DA:35,7
DA:36,7
DA:37,7
DA:38,7
DA:39,7
DA:40,7
DA:42,5
DA:50,2
DA:54,1
DA:64,1
DA:67,1
DA:69,0
DA:77,1
DA:78,1
DA:84,1
DA:89,0
DA:90,0
DA:91,0
DA:92,0
DA:102,6
DA:108,6
DA:109,6
DA:110,6
DA:111,6
DA:113,3
DA:120,3
DA:122,3
DA:124,2
DA:128,1
DA:129,1
DA:134,1
DA:136,1
DA:138,1
DA:140,0
DA:144,1
DA:148,1
DA:155,1
DA:161,0
DA:162,0
DA:163,0
DA:164,0
DA:174,3
DA:180,3
DA:181,3
DA:183,3
DA:184,2
DA:186,1
DA:193,1
DA:194,1
DA:195,1
DA:201,1
DA:203,1
DA:205,0
DA:209,1
DA:213,1
DA:216,1
DA:217,0
DA:220,1
DA:221,1
DA:222,1
DA:228,0
DA:233,0
DA:234,0
DA:235,0
DA:236,0
DA:246,0
DA:252,0
DA:253,0
DA:255,0
DA:257,0
DA:260,0
DA:264,0
DA:267,0
DA:271,0
DA:273,0
DA:274,0
DA:279,0
DA:280,0
DA:281,0
DA:282,0
DA:292,0
DA:294,0
DA:296,0
DA:297,0
DA:299,0
DA:304,0
DA:305,0
DA:306,0
DA:307,0
DA:318,0
DA:324,0
DA:326,0
DA:330,0
DA:332,0
DA:334,0
DA:335,0
DA:339,0
DA:346,0
DA:351,1
LF:107
LH:57
BRDA:40,0,0,5
BRDA:40,0,1,2
BRDA:67,1,0,0
BRDA:67,1,1,1
BRDA:111,2,0,3
BRDA:111,2,1,3
BRDA:122,3,0,2
BRDA:122,3,1,1
BRDA:138,4,0,0
BRDA:138,4,1,1
BRDA:183,5,0,2
BRDA:183,5,1,1
BRDA:203,6,0,0
BRDA:203,6,1,1
BRDA:216,7,0,0
BRDA:216,7,1,1
BRDA:255,8,0,0
BRDA:255,8,1,0
BRDA:296,9,0,0
BRDA:296,9,1,0
BRDA:324,10,0,0
BRDA:324,10,1,0
BRDA:324,11,0,0
BRDA:324,11,1,0
BRDA:332,12,0,0
BRDA:332,12,1,0
BRF:26
BRH:12
end_of_record
TN:
SF:/home/admin1/Desktop/FundooApp/Backend/models/noteModel.js
FN:39,(anonymous_0)
FN:41,(anonymous_1)
FN:44,(anonymous_2)
FN:49,(anonymous_3)
FN:57,(anonymous_4)
FN:59,(anonymous_5)
FN:79,(anonymous_6)
FN:84,(anonymous_7)
FN:89,(anonymous_8)
FN:96,(anonymous_9)
FN:107,(anonymous_10)
FNF:11
FNH:8
FNDA:3,(anonymous_0)
FNDA:3,(anonymous_1)
FNDA:2,(anonymous_2)
FNDA:1,(anonymous_3)
FNDA:6,(anonymous_4)
FNDA:6,(anonymous_5)
FNDA:0,(anonymous_6)
FNDA:0,(anonymous_7)
FNDA:0,(anonymous_8)
FNDA:1,(anonymous_9)
FNDA:1,(anonymous_10)
DA:1,1
DA:2,1
DA:4,1
DA:35,1
DA:41,3
DA:43,3
DA:47,2
DA:51,1
DA:52,1
DA:59,6
DA:61,6
DA:63,0
DA:67,6
DA:69,4
DA:73,2
DA:83,0
DA:87,0
DA:91,0
DA:98,1
DA:107,1
DA:109,1
DA:111,0
DA:115,1
DA:120,1
DA:127,1
LF:25
LH:20
BRDA:61,0,0,0
BRDA:61,0,1,6
BRDA:67,1,0,4
BRDA:67,1,1,2
BRDA:109,2,0,0
BRDA:109,2,1,1
BRF:6
BRH:4
end_of_record
TN:
SF:/home/admin1/Desktop/FundooApp/Backend/models/userModel.js
FN:88,(anonymous_0)
FN:90,(anonymous_1)
FN:93,(anonymous_2)
FN:98,(anonymous_3)
FN:106,(anonymous_4)
FN:107,(anonymous_5)
FN:116,(anonymous_6)
FN:121,(anonymous_7)
FN:126,(anonymous_8)
FN:133,(anonymous_9)
FN:141,(anonymous_10)
FN:157,(anonymous_11)
FN:170,(anonymous_12)
FN:172,(anonymous_13)
FN:175,(anonymous_14)
FN:180,(anonymous_15)
FNF:16
FNH:8
FNDA:7,(anonymous_0)
FNDA:7,(anonymous_1)
FNDA:7,(anonymous_2)
FNDA:0,(anonymous_3)
FNDA:0,(anonymous_4)
FNDA:0,(anonymous_5)
FNDA:2,(anonymous_6)
FNDA:2,(anonymous_7)
FNDA:0,(anonymous_8)
FNDA:1,(anonymous_9)
FNDA:1,(anonymous_10)
FNDA:1,(anonymous_11)
FNDA:0,(anonymous_12)
FNDA:0,(anonymous_13)
FNDA:0,(anonymous_14)
FNDA:0,(anonymous_15)
DA:12,1
DA:13,1
DA:15,1
DA:72,1
DA:90,7
DA:92,7
DA:96,7
DA:100,0
DA:101,0
DA:107,0
DA:109,0
DA:110,0
DA:112,0
DA:120,2
DA:124,2
DA:128,0
DA:135,1
DA:141,1
DA:143,1
DA:144,0
DA:147,1
DA:151,1
DA:160,1
DA:166,1
DA:172,0
DA:174,0
DA:178,0
DA:182,0
DA:189,1
LF:29
LH:17
BRDA:109,0,0,0
BRDA:109,0,1,0
BRDA:143,1,0,0
BRDA:143,1,1,1
BRF:4
BRH:1
end_of_record
TN:
SF:/home/admin1/Desktop/FundooApp/Backend/routes/routes.js
FNF:0
FNH:0
DA:12,1
DA:13,1
DA:14,1
DA:15,1
DA:16,1
DA:17,1
DA:23,1
DA:24,1
DA:25,1
DA:26,1
DA:27,1
DA:28,1
DA:29,1
DA:30,1
DA:31,1
DA:34,1
LF:16
LH:16
BRF:0
BRH:0
end_of_record
TN:
SF:/home/admin1/Desktop/FundooApp/Backend/services/cacheService.js
FN:21,(anonymous_0)
FN:25,(anonymous_1)
FN:36,(anonymous_2)
FN:38,(anonymous_3)
FN:51,(anonymous_4)
FN:53,(anonymous_5)
FN:66,(anonymous_6)
FN:68,(anonymous_7)
FN:81,(anonymous_8)
FN:83,(anonymous_9)
FNF:10
FNH:7
FNDA:1,(anonymous_0)
FNDA:0,(anonymous_1)
FNDA:3,(anonymous_2)
FNDA:3,(anonymous_3)
FNDA:3,(anonymous_4)
FNDA:3,(anonymous_5)
FNDA:0,(anonymous_6)
FNDA:0,(anonymous_7)
FNDA:3,(anonymous_8)
FNDA:3,(anonymous_9)
DA:12,1
DA:13,1
DA:14,1
DA:21,1
DA:23,1
DA:25,1
DA:27,0
DA:38,3
DA:40,3
DA:41,0
DA:43,3
DA:53,3
DA:55,3
DA:56,0
DA:58,3
DA:68,0
DA:70,0
DA:71,0
DA:73,0
DA:83,3
DA:85,3
DA:86,0
DA:88,3
DA:93,1
LF:24
LH:16
BRDA:40,0,0,0
BRDA:40,0,1,3
BRDA:55,1,0,0
BRDA:55,1,1,3
BRDA:70,2,0,0
BRDA:70,2,1,0
BRDA:85,3,0,0
BRDA:85,3,1,3
BRF:8
BRH:3
end_of_record
TN:
SF:/home/admin1/Desktop/FundooApp/Backend/services/logService.js
FNF:0
FNH:0
DA:12,1
DA:14,1
DA:23,1
DA:25,1
LF:4
LH:4
BRF:0
BRH:0
end_of_record
TN:
SF:/home/admin1/Desktop/FundooApp/Backend/services/mailService.js
FN:20,(anonymous_0)
FN:50,(anonymous_1)
FN:58,(anonymous_2)
FN:75,(anonymous_3)
FNF:4
FNH:4
FNDA:1,(anonymous_0)
FNDA:1,(anonymous_1)
FNDA:1,(anonymous_2)
FNDA:1,(anonymous_3)
DA:12,1
DA:13,1
DA:14,1
DA:20,1
DA:27,1
DA:39,1
DA:50,1
DA:51,1
DA:52,0
DA:54,1
DA:58,1
DA:60,1
DA:68,1
DA:75,1
DA:76,1
DA:77,0
DA:79,1
DA:83,1
LF:18
LH:16
BRDA:51,0,0,0
BRDA:51,0,1,1
BRDA:76,1,0,0
BRDA:76,1,1,1
BRF:4
BRH:2
end_of_record
TN:
SF:/home/admin1/Desktop/FundooApp/Backend/services/noteService.js
FN:6,(anonymous_0)
FN:9,(anonymous_1)
FN:17,(anonymous_2)
FN:30,(anonymous_3)
FN:37,(anonymous_4)
FN:39,(anonymous_5)
FN:48,(anonymous_6)
FN:50,(anonymous_7)
FNF:8
FNH:8
FNDA:3,(anonymous_0)
FNDA:2,(anonymous_1)
FNDA:1,(anonymous_2)
FNDA:1,(anonymous_3)
FNDA:4,(anonymous_4)
FNDA:4,(anonymous_5)
FNDA:2,(anonymous_6)
FNDA:2,(anonymous_7)
DA:1,1
DA:2,1
DA:8,3
DA:11,2
DA:13,1
DA:17,1
DA:19,1
DA:21,0
DA:25,1
DA:32,1
DA:33,1
DA:39,4
DA:41,4
DA:42,1
DA:44,3
DA:50,2
DA:52,2
DA:54,1
DA:58,1
DA:65,1
LF:20
LH:19
BRDA:11,0,0,1
BRDA:11,0,1,1
BRDA:19,1,0,0
BRDA:19,1,1,1
BRDA:41,2,0,1
BRDA:41,2,1,3
BRDA:52,3,0,1
BRDA:52,3,1,1
BRF:8
BRH:7
end_of_record
TN:
SF:/home/admin1/Desktop/FundooApp/Backend/services/s3Service.js
FN:23,(anonymous_0)
FN:37,(anonymous_1)
FN:40,(anonymous_2)
FNF:3
FNH:0
FNDA:0,(anonymous_0)
FNDA:0,(anonymous_1)
FNDA:0,(anonymous_2)
DA:12,1
DA:13,1
DA:14,1
DA:15,1
DA:17,1
DA:23,1
DA:24,0
DA:26,0
DA:30,0
DA:34,1
DA:38,0
DA:42,0
DA:46,1
DA:54,1
LF:14
LH:9
BRDA:24,0,0,0
BRDA:24,0,1,0
BRDA:24,1,0,0
BRDA:24,1,1,0
BRF:4
BRH:0
end_of_record
TN:
SF:/home/admin1/Desktop/FundooApp/Backend/services/urlService.js
FN:25,(anonymous_0)
FN:34,(anonymous_1)
FN:40,(anonymous_2)
FN:53,(anonymous_3)
FN:69,(anonymous_4)
FN:96,(anonymous_5)
FN:99,(anonymous_6)
FN:101,(anonymous_7)
FN:112,(anonymous_8)
FNF:9
FNH:4
FNDA:1,(anonymous_0)
FNDA:1,(anonymous_1)
FNDA:1,(anonymous_2)
FNDA:1,(anonymous_3)
FNDA:0,(anonymous_4)
FNDA:0,(anonymous_5)
FNDA:0,(anonymous_6)
FNDA:0,(anonymous_7)
FNDA:0,(anonymous_8)
DA:12,1
DA:13,1
DA:14,1
DA:15,1
DA:16,1
DA:17,1
DA:27,1
DA:28,1
DA:29,1
DA:31,1
DA:33,1
DA:37,1
DA:38,1
DA:39,1
DA:40,1
DA:42,1
DA:44,0
DA:48,1
DA:51,1
DA:52,1
DA:53,1
DA:55,1
DA:56,0
DA:59,1
DA:65,1
DA:71,0
DA:77,0
DA:82,0
DA:83,0
DA:88,0
DA:98,0
DA:101,0
DA:103,0
DA:104,0
DA:107,0
DA:108,0
DA:114,0
DA:120,1
LF:38
LH:24
BRDA:29,0,0,1
BRDA:29,0,1,0
BRDA:42,1,0,0
BRDA:42,1,1,1
BRDA:55,2,0,0
BRDA:55,2,1,1
BRDA:103,3,0,0
BRDA:103,3,1,0
BRF:8
BRH:3
end_of_record
TN:
SF:/home/admin1/Desktop/FundooApp/Backend/services/userService.js
FN:18,(anonymous_0)
FN:20,(anonymous_1)
FN:23,(anonymous_2)
FN:33,(anonymous_3)
FN:41,(anonymous_4)
FN:49,(anonymous_5)
FN:55,(anonymous_6)
FN:63,(anonymous_7)
FN:66,(anonymous_8)
FN:73,(anonymous_9)
FN:79,(anonymous_10)
FN:100,(anonymous_11)
FN:108,(anonymous_12)
FN:110,(anonymous_13)
FN:113,(anonymous_14)
FN:132,(anonymous_15)
FN:140,(anonymous_16)
FN:142,(anonymous_17)
FN:145,(anonymous_18)
FN:149,(anonymous_19)
FN:156,(anonymous_20)
FN:160,(anonymous_21)
FN:165,(anonymous_22)
FN:170,(anonymous_23)
FNF:24
FNH:13
FNDA:2,(anonymous_0)
FNDA:2,(anonymous_1)
FNDA:2,(anonymous_2)
FNDA:1,(anonymous_3)
FNDA:1,(anonymous_4)
FNDA:0,(anonymous_5)
FNDA:0,(anonymous_6)
FNDA:3,(anonymous_7)
FNDA:3,(anonymous_8)
FNDA:2,(anonymous_9)
FNDA:1,(anonymous_10)
FNDA:1,(anonymous_11)
FNDA:1,(anonymous_12)
FNDA:1,(anonymous_13)
FNDA:1,(anonymous_14)
FNDA:0,(anonymous_15)
FNDA:0,(anonymous_16)
FNDA:0,(anonymous_17)
FNDA:0,(anonymous_18)
FNDA:0,(anonymous_19)
FNDA:0,(anonymous_20)
FNDA:0,(anonymous_21)
FNDA:0,(anonymous_22)
FNDA:0,(anonymous_23)
DA:12,1
DA:13,1
DA:14,1
DA:20,2
DA:22,2
DA:27,2
DA:28,1
DA:31,1
DA:32,1
DA:35,1
DA:41,1
DA:43,1
DA:44,0
DA:46,1
DA:51,0
DA:57,0
DA:58,0
DA:65,3
DA:71,3
DA:73,2
DA:75,2
DA:76,0
DA:77,2
DA:79,1
DA:81,1
DA:82,0
DA:84,1
DA:89,1
DA:90,1
DA:96,0
DA:102,1
DA:103,1
DA:110,1
DA:112,1
DA:115,1
DA:117,1
DA:124,1
DA:128,0
DA:134,0
DA:142,0
DA:144,0
DA:148,0
DA:149,0
DA:151,0
DA:155,0
DA:158,0
DA:162,0
DA:167,0
DA:172,0
DA:178,1
LF:50
LH:31
BRDA:27,0,0,1
BRDA:27,0,1,1
BRDA:43,1,0,0
BRDA:43,1,1,1
BRDA:71,2,0,2
BRDA:71,2,1,0
BRDA:75,3,0,0
BRDA:75,3,1,2
BRDA:77,4,0,1
BRDA:77,4,1,1
BRDA:81,5,0,0
BRDA:81,5,1,1
BRDA:115,6,0,1
BRDA:115,6,1,0
BRF:14
BRH:9
end_of_record
TN:
SF:/home/admin1/Desktop/FundooApp/Backend/services/utilService.js
FN:18,(anonymous_0)
FN:20,(anonymous_1)
FN:23,(anonymous_2)
FN:27,(anonymous_3)
FN:33,(anonymous_4)
FN:35,(anonymous_5)
FNF:6
FNH:5
FNDA:1,(anonymous_0)
FNDA:1,(anonymous_1)
FNDA:1,(anonymous_2)
FNDA:0,(anonymous_3)
FNDA:2,(anonymous_4)
FNDA:2,(anonymous_5)
DA:12,1
DA:18,1
DA:20,1
DA:22,1
DA:25,1
DA:29,0
DA:33,1
DA:35,2
DA:37,2
DA:38,0
DA:40,2
DA:44,1
LF:12
LH:10
BRDA:37,0,0,0
BRDA:37,0,1,2
BRF:2
BRH:1
end_of_record
